0 info it worked if it ends with ok
1 verbose cli [ 'C:\\Program Files\\nodejs\\node.exe',
1 verbose cli   'D:\\nodejs_npm\\node_modules\\npm\\bin\\npm-cli.js',
1 verbose cli   'start' ]
2 info using npm@3.5.3
3 info using node@v4.2.1
4 verbose run-script [ 'prestart', 'start', 'poststart' ]
5 info lifecycle CytoscapeReact@0.0.1~prestart: CytoscapeReact@0.0.1
6 silly lifecycle CytoscapeReact@0.0.1~prestart: no script for prestart, continuing
7 info lifecycle CytoscapeReact@0.0.1~start: CytoscapeReact@0.0.1
8 verbose lifecycle CytoscapeReact@0.0.1~start: unsafe-perm in lifecycle true
9 verbose lifecycle CytoscapeReact@0.0.1~start: PATH: D:\nodejs_npm\node_modules\npm\bin\node-gyp-bin;F:\NodejsProject\CytoscapeReact\node_modules\.bin;C:\ProgramData\Oracle\Java\javapath;C:\Program Files (x86)\NVIDIA Corporation\PhysX\Common;C:\Program Files (x86)\Intel\iCLS Client\;C:\Program Files\Intel\iCLS Client\;C:\WINDOWS\system32;C:\WINDOWS;C:\WINDOWS\System32\Wbem;C:\WINDOWS\System32\WindowsPowerShell\v1.0\;C:\Program Files\Intel\Intel(R) Management Engine Components\DAL;C:\Program Files\Intel\Intel(R) Management Engine Components\IPT;C:\Program Files (x86)\Intel\Intel(R) Management Engine Components\DAL;C:\Program Files (x86)\Intel\Intel(R) Management Engine Components\IPT;C:\Program Files\Intel\WiFi\bin\;C:\Program Files\Common Files\Intel\WirelessCommon\;C:\Program Files (x86)\Windows Live\Shared;F:\typesafe-activator-1.3.6-minimal\activator-1.3.6-minimal;C:\Program Files\Java\jdk1.8.0_101\bin;F:\Python\Python34;F:\Python\Python34\Scripts;F:\Python\Python34\Tools\Scripts;C:\Program Files\Microsoft SQL Server\120\Tools\Binn\;C:\Program Files (x86)\Windows Kits\10\Windows Performance Toolkit\;C:\MinGW\bin\;F:\Python\Python34\Lib\;F:\Python\venv;C:\Program Files\nodejs\;C:\Users\mrlee\AppData\Roaming\npm;D:\nodejs_npm\;C:\Program Files (x86)\Tail4win;C:\Program Files\Amazon\AWSCLI\;C:\Program Files (x86)\IDM Computer Solutions\UltraEdit\;C:\Users\mrlee\AppData\Roaming\npm;C:\Program Files\Docker Toolbox;D:\nodejs_npm\;C:\Program Files\Bandizip\7z;F:\apache-maven-3.3.9\bin;local;F:\sonar-scanner-2.8\bin;C:\Program Files\Java\jdk1.8.0_101\bin;C:\Users\mrlee\AppData\Local\Microsoft\WindowsApps;C:\Users\mrlee\AppData\Local\atom\bin;C:\Program Files (x86)\ESTsoft\ALSee\x64
10 verbose lifecycle CytoscapeReact@0.0.1~start: CWD: F:\NodejsProject\CytoscapeReact
11 silly lifecycle CytoscapeReact@0.0.1~start: Args: [ '/d /s /c', 'node server.js' ]
12 silly lifecycle CytoscapeReact@0.0.1~start: Returned: code: 1  signal: null
13 info lifecycle CytoscapeReact@0.0.1~start: Failed to exec start script
14 verbose stack Error: CytoscapeReact@0.0.1 start: `node server.js`
14 verbose stack Exit status 1
14 verbose stack     at EventEmitter.<anonymous> (D:\nodejs_npm\node_modules\npm\lib\utils\lifecycle.js:232:16)
14 verbose stack     at emitTwo (events.js:87:13)
14 verbose stack     at EventEmitter.emit (events.js:172:7)
14 verbose stack     at ChildProcess.<anonymous> (D:\nodejs_npm\node_modules\npm\lib\utils\spawn.js:24:14)
14 verbose stack     at emitTwo (events.js:87:13)
14 verbose stack     at ChildProcess.emit (events.js:172:7)
14 verbose stack     at maybeClose (internal/child_process.js:818:16)
14 verbose stack     at Process.ChildProcess._handle.onexit (internal/child_process.js:211:5)
15 verbose pkgid CytoscapeReact@0.0.1
16 verbose cwd F:\NodejsProject\CytoscapeReact
17 error Windows_NT 10.0.14393
18 error argv "C:\\Program Files\\nodejs\\node.exe" "D:\\nodejs_npm\\node_modules\\npm\\bin\\npm-cli.js" "start"
19 error node v4.2.1
20 error npm  v3.5.3
21 error code ELIFECYCLE
22 error CytoscapeReact@0.0.1 start: `node server.js`
22 error Exit status 1
23 error Failed at the CytoscapeReact@0.0.1 start script 'node server.js'.
23 error Make sure you have the latest version of node.js and npm installed.
23 error If you do, this is most likely a problem with the CytoscapeReact package,
23 error not with npm itself.
23 error Tell the author that this fails on your system:
23 error     node server.js
23 error You can get information on how to open an issue for this project with:
23 error     npm bugs CytoscapeReact
23 error Or if that isn't available, you can get their info via:
23 error     npm owner ls CytoscapeReact
23 error There is likely additional logging output above.
24 verbose exit [ 1, true ]
